/astro/soft/common/gcc/5.4.0/python/3.7.1/lib/python3.7/site-packages/sklearn/externals/joblib/externals/cloudpickle/cloudpickle.py:47: DeprecationWarning: the imp module is deprecated in favour of importlib; see the module's documentation for alternative uses
  import imp
/astro/soft/common/gcc/5.4.0/python/3.7.1/lib/python3.7/site-packages/sklearn/externals/joblib/externals/cloudpickle/cloudpickle.py:47: DeprecationWarning: the imp module is deprecated in favour of importlib; see the module's documentation for alternative uses
  import imp
/astro/soft/common/gcc/5.4.0/python/3.7.1/lib/python3.7/site-packages/sklearn/externals/joblib/externals/cloudpickle/cloudpickle.py:47: DeprecationWarning: the imp module is deprecated in favour of importlib; see the module's documentation for alternative uses
  import imp
/astro/soft/common/gcc/5.4.0/python/3.7.1/lib/python3.7/site-packages/sklearn/externals/joblib/externals/cloudpickle/cloudpickle.py:47: DeprecationWarning: the imp module is deprecated in favour of importlib; see the module's documentation for alternative uses
  import imp
/astro/soft/common/gcc/5.4.0/python/3.7.1/lib/python3.7/site-packages/sklearn/externals/joblib/externals/cloudpickle/cloudpickle.py:47: DeprecationWarning: the imp module is deprecated in favour of importlib; see the module's documentation for alternative uses
  import imp
Traceback (most recent call last):
  File "/astro/soft/common/gcc/5.4.0/python/3.7.1/lib/python3.7/site-packages/numpy/core/fromnumeric.py", line 56, in _wrapfunc
    return getattr(obj, method)(*args, **kwds)
AttributeError: 'list' object has no attribute 'reshape'

During handling of the above exception, another exception occurred:

Traceback (most recent call last):
  File "/home/astro/magnan/Repository_Stage_3A/create_data_set_abacus_2.py", line 185, in <module>
    X_data_new_l = np.reshape([[h0, w0, ns, sigma8, omegaM, x_l, 1] for x_l in X_l_kept], (12, 7))
  File "/astro/soft/common/gcc/5.4.0/python/3.7.1/lib/python3.7/site-packages/numpy/core/fromnumeric.py", line 292, in reshape
    return _wrapfunc(a, 'reshape', newshape, order=order)
  File "/astro/soft/common/gcc/5.4.0/python/3.7.1/lib/python3.7/site-packages/numpy/core/fromnumeric.py", line 66, in _wrapfunc
    return _wrapit(obj, method, *args, **kwds)
  File "/astro/soft/common/gcc/5.4.0/python/3.7.1/lib/python3.7/site-packages/numpy/core/fromnumeric.py", line 46, in _wrapit
    result = getattr(asarray(obj), method)(*args, **kwds)
ValueError: cannot reshape array of size 63 into shape (12,7)
